INFO: Applying HLS Y2K22 patch v1.2 for IP revision
@I [HLS-10] Running 'C:/Xilinx/Vivado_HLS/2015.4/bin/unwrapped/win64.o/vivado_hls.exe'
            for user 'dellc' on host 'huong' (Windows NT_amd64 version 6.2) on Thu May 15 01:25:33 +0700 2025
            in directory 'C:/HOC_TAP/System_C/Final_report/A_Design_problem/2.ALU_4bit'
@I [HLS-10] Opening project 'C:/HOC_TAP/System_C/Final_report/A_Design_problem/2.ALU_4bit/ALU_4bit'.
@I [HLS-10] Opening solution 'C:/HOC_TAP/System_C/Final_report/A_Design_problem/2.ALU_4bit/ALU_4bit/solution1'.
@I [SYN-201] Setting up clock 'default' with a period of 10ns.
@I [HLS-10] Setting target device to 'xc7z020clg484-1'
@I [IMPL-8] Exporting RTL as an IP in IP-XACT.
command 'ap_source' returned error code
    while executing
"source C:/HOC_TAP/System_C/Final_report/A_Design_problem/2.ALU_4bit/ALU_4bit/solution1/export.tcl"
    invoked from within
"hls::main C:/HOC_TAP/System_C/Final_report/A_Design_problem/2.ALU_4bit/ALU_4bit/solution1/export.tcl"
    ("uplevel" body line 1)
    invoked from within
"uplevel 1 hls::main {*}$args"
    (procedure "hls_proc" line 5)
    invoked from within
"hls_proc $argv"
