

================================================================
== Vivado HLS Report for 'mux4bit_4to1'
================================================================
* Date:           Thu May 15 02:02:26 2025

* Version:        2015.4 (Build 1412921 on Wed Nov 18 09:58:55 AM 2015)
* Project:        multiplexor_4bit_4to1
* Solution:       solution1
* Product family: zynq
* Target device:  xc7z020clg484-1


================================================================
== Performance Estimates
================================================================
+ Timing (ns): 
    * Summary: 
    +--------+-------+----------+------------+
    |  Clock | Target| Estimated| Uncertainty|
    +--------+-------+----------+------------+
    |ap_clk  |  10.00|      5.47|        1.25|
    +--------+-------+----------+------------+

+ Latency (clock cycles): 
    * Summary: 
    +-----+-----+-----+-----+---------+
    |  Latency  |  Interval | Pipeline|
    | min | max | min | max |   Type  |
    +-----+-----+-----+-----+---------+
    |    0|    0|    1|    1|   none  |
    +-----+-----+-----+-----+---------+

    + Detail: 
        * Instance: 
        +----------------------------------+---------------------+-----+-----+-----+-----+---------+
        |                                  |                     |  Latency  |  Interval | Pipeline|
        |             Instance             |        Module       | min | max | min | max |   Type  |
        +----------------------------------+---------------------+-----+-----+-----+-----+---------+
        |stg_11_mux4bit_4to1_do_mux_fu_50  |mux4bit_4to1_do_mux  |    0|    0|    0|    0|   none  |
        +----------------------------------+---------------------+-----+-----+-----+-----+---------+

        * Loop: 
        N/A



================================================================
== Utilization Estimates
================================================================
* Summary: 
+-----------------+---------+-------+--------+-------+
|       Name      | BRAM_18K| DSP48E|   FF   |  LUT  |
+-----------------+---------+-------+--------+-------+
|DSP              |        -|      -|       -|      -|
|Expression       |        -|      -|       -|      -|
|FIFO             |        -|      -|       -|      -|
|Instance         |        -|      -|       0|     40|
|Memory           |        -|      -|       -|      -|
|Multiplexer      |        -|      -|       -|      -|
|Register         |        -|      -|       -|      -|
+-----------------+---------+-------+--------+-------+
|Total            |        0|      0|       0|     40|
+-----------------+---------+-------+--------+-------+
|Available        |      280|    220|  106400|  53200|
+-----------------+---------+-------+--------+-------+
|Utilization (%)  |        0|      0|       0|   ~0  |
+-----------------+---------+-------+--------+-------+

+ Detail: 
    * Instance: 
    +----------------------------------+---------------------+---------+-------+---+----+
    |             Instance             |        Module       | BRAM_18K| DSP48E| FF| LUT|
    +----------------------------------+---------------------+---------+-------+---+----+
    |stg_11_mux4bit_4to1_do_mux_fu_50  |mux4bit_4to1_do_mux  |        0|      0|  0|  40|
    +----------------------------------+---------------------+---------+-------+---+----+
    |Total                             |                     |        0|      0|  0|  40|
    +----------------------------------+---------------------+---------+-------+---+----+

    * DSP48: 
    N/A

    * Memory: 
    N/A

    * FIFO: 
    N/A

    * Expression: 
    N/A

    * Multiplexer: 
    N/A

    * Register: 
    N/A



================================================================
== Interface
================================================================
* Summary: 
+----------+-----+-----+---------+--------------+---------+
| RTL Ports| Dir | Bits| Protocol| Source Object|  C Type |
+----------+-----+-----+---------+--------------+---------+
|in0       |  in |    4| ap_none |      in0     | pointer |
|in1       |  in |    4| ap_none |      in1     | pointer |
|in2       |  in |    4| ap_none |      in2     | pointer |
|in3       |  in |    4| ap_none |      in3     | pointer |
|sel       |  in |    2| ap_none |      sel     | pointer |
|out_r     | out |    4|  ap_vld |     out_r    | pointer |
+----------+-----+-----+---------+--------------+---------+

