@I [HLS-0] Workspace C:/HOC_TAP/System_C/Final_report/A_Design_problem/3.4_bit_multiplexor_4to1/multiplexor_4bit_4to1/solution1 opened at Thu May 15 02:08:54 +0700 2025
@I [HLS-100] Command "config_clock -quiet -name default -period 10 -default=false "
@I [SYN-201] Setting up clock 'default' with a period of 10ns.
@I [HLS-100] Command 'config_clock' returned 0; elapsed 0Total elapsed time: 0.615 sec.
@I [HLS-100] Command "open_platform DefaultPlatform "
@I [HLS-100] Command 'open_platform' returned 0; elapsed 0Total elapsed time: 0.615 sec.
@I [HLS-100] Command "import_lib C:/Xilinx/Vivado_HLS/2015.4/common/technology/xilinx/zynq/zynq "
@I [HLS-100] Command "source C:/Xilinx/Vivado_HLS/2015.4/common/technology/xilinx/common/xilinx.lib "
@I [HLS-100] Command "source C:/Xilinx/Vivado_HLS/2015.4/common/technology/xilinx/interface/xilinx_interface.lib "
@I [HLS-100] Command "source C:/Xilinx/Vivado_HLS/2015.4/common/technology/xilinx/interface/plb46.lib "
@I [HLS-100] Command 'ap_source' returned 0; elapsed 0Total elapsed time: 0.617 sec.
@I [HLS-100] Command "source C:/Xilinx/Vivado_HLS/2015.4/common/technology/xilinx/interface/fsl.lib "
@I [HLS-100] Command 'ap_source' returned 0; elapsed 0Total elapsed time: 0.617 sec.
@I [HLS-100] Command "source C:/Xilinx/Vivado_HLS/2015.4/common/technology/xilinx/interface/axi4.lib "
@I [HLS-100] Command 'ap_source' returned 0; elapsed 0Total elapsed time: 0.617 sec.
@I [HLS-100] Command "source C:/Xilinx/Vivado_HLS/2015.4/common/technology/xilinx/interface/maxi.lib "
@I [HLS-100] Command 'ap_source' returned 0; elapsed 0Total elapsed time: 0.617 sec.
@I [HLS-100] Command "source C:/Xilinx/Vivado_HLS/2015.4/common/technology/xilinx/interface/saxilite.lib "
@I [HLS-100] Command 'ap_source' returned 0; elapsed 0Total elapsed time: 0.617 sec.
@I [HLS-100] Command 'ap_source' returned 0; elapsed 0Total elapsed time: 0.617 sec.
@I [HLS-100] Command "source C:/Xilinx/Vivado_HLS/2015.4/common/technology/xilinx/common/dsp48.lib "
@I [HLS-100] Command 'ap_source' returned 0; elapsed 0.002Total elapsed time: 0.618 sec.
@I [HLS-100] Command "source C:/Xilinx/Vivado_HLS/2015.4/common/technology/xilinx/ip/dds_compiler.lib "
@I [HLS-100] Command 'ap_source' returned 0; elapsed 0Total elapsed time: 0.618 sec.
@I [HLS-100] Command "source C:/Xilinx/Vivado_HLS/2015.4/common/technology/xilinx/ip/xfft.lib "
@I [HLS-100] Command 'ap_source' returned 0; elapsed 0Total elapsed time: 0.618 sec.
@I [HLS-100] Command "source C:/Xilinx/Vivado_HLS/2015.4/common/technology/xilinx/ip/xfir.lib "
@I [HLS-100] Command 'ap_source' returned 0; elapsed 0.001Total elapsed time: 0.619 sec.
@I [HLS-100] Command 'ap_source' returned 0; elapsed 0.003Total elapsed time: 0.620 sec.
@I [HLS-100] Command "source C:/Xilinx/Vivado_HLS/2015.4/common/technology/xilinx/common/xilinx_old.lib "
@I [HLS-100] Command 'ap_source' returned 0; elapsed 0.001Total elapsed time: 0.621 sec.
@I [HLS-100] Command "source C:/Xilinx/Vivado_HLS/2015.4/common/technology/xilinx/common/xilinx_vivado.lib "
@I [HLS-100] Command 'ap_source' returned 0; elapsed 0Total elapsed time: 0.621 sec.
@I [HLS-100] Command "source C:/Xilinx/Vivado_HLS/2015.4/common/technology/xilinx/common/xilinx.hlp "
@I [HLS-100] Command "source C:/Xilinx/Vivado_HLS/2015.4/common/technology/xilinx/common/target_info.tcl "
@I [HLS-100] Command 'ap_source' returned 0; elapsed 0.001Total elapsed time: 0.625 sec.
@I [HLS-100] Command "source C:/Xilinx/Vivado_HLS/2015.4/common/technology/xilinx/interface/xilinx_interface.hlp "
@I [HLS-100] Command "source C:/Xilinx/Vivado_HLS/2015.4/common/technology/xilinx/interface/maxi.hlp "
@I [HLS-100] Command 'ap_source' returned 0; elapsed 0Total elapsed time: 0.625 sec.
@I [HLS-100] Command "source C:/Xilinx/Vivado_HLS/2015.4/common/technology/xilinx/interface/saxilite.hlp "
@I [HLS-100] Command 'ap_source' returned 0; elapsed 0Total elapsed time: 0.625 sec.
@I [HLS-100] Command 'ap_source' returned 0; elapsed 0Total elapsed time: 0.625 sec.
@I [HLS-100] Command "source C:/Xilinx/Vivado_HLS/2015.4/common/technology/xilinx/common/dsp48.hlp "
@I [HLS-100] Command 'ap_source' returned 0; elapsed 0.002Total elapsed time: 0.627 sec.
@I [HLS-100] Command 'ap_source' returned 0; elapsed 0.004Total elapsed time: 0.627 sec.
@I [HLS-100] Command "source C:/Xilinx/Vivado_HLS/2015.4/common/technology/xilinx/zynq/dsp48e1.hlp "
@I [HLS-100] Command 'ap_source' returned 0; elapsed 0Total elapsed time: 0.628 sec.
@I [HLS-100] Command "get_default_platform "
@I [HLS-100] Command 'get_default_platform' returned 0; elapsed 0Total elapsed time: 0.628 sec.
@I [HLS-100] Command "config_chip_info -quiet -resource  {SLICE 13300}  {LUT 53200}     {FF 106400} {DSP48E 220}   {BRAM 280}  "
@I [HLS-100] Command 'config_chip_info' returned 0; elapsed 0Total elapsed time: 0.628 sec.
@I [HLS-100] Command "config_chip_info -quiet -speed medium "
@I [HLS-100] Command 'config_chip_info' returned 0; elapsed 0Total elapsed time: 0.628 sec.
@I [HLS-100] Command 'import_lib' returned 0; elapsed 0.012Total elapsed time: 0.628 sec.
@I [HLS-100] Command "source C:/Xilinx/Vivado_HLS/2015.4/common/technology/xilinx/zynq/zynq.gen "
@I [HLS-100] Command "source C:/Xilinx/Vivado_HLS/2015.4/common/technology/xilinx/common/virtex.gen "
@I [HLS-100] Command "source C:/Xilinx/Vivado_HLS/2015.4/common/technology/xilinx/common/xilinx.gen "
@I [HLS-100] Command "source C:/Xilinx/Vivado_HLS/2015.4/common/technology/xilinx/interface/plb46.gen "
@I [HLS-100] Command 'ap_source' returned 0; elapsed 0.001Total elapsed time: 0.631 sec.
@I [HLS-100] Command "source C:/Xilinx/Vivado_HLS/2015.4/common/technology/xilinx/interface/fsl.gen "
@I [HLS-100] Command 'ap_source' returned 0; elapsed 0Total elapsed time: 0.631 sec.
@I [HLS-100] Command "source C:/Xilinx/Vivado_HLS/2015.4/common/technology/xilinx/interface/axi4.gen "
@I [HLS-100] Command 'ap_source' returned 0; elapsed 0.003Total elapsed time: 0.633 sec.
@I [HLS-100] Command "source C:/Xilinx/Vivado_HLS/2015.4/common/technology/xilinx/interface/nativeAXI4.gen "
@I [HLS-100] Command "source C:/Xilinx/Vivado_HLS/2015.4/common/technology/xilinx/interface/saxilite.gen "
@I [HLS-100] Command 'ap_source' returned 0; elapsed 0.004Total elapsed time: 0.637 sec.
@I [HLS-100] Command "source C:/Xilinx/Vivado_HLS/2015.4/common/technology/xilinx/interface/maxi.gen "
@I [HLS-100] Command 'ap_source' returned 0; elapsed 0.006Total elapsed time: 0.643 sec.
@I [HLS-100] Command 'ap_source' returned 0; elapsed 0.01Total elapsed time: 0.643 sec.
@I [HLS-100] Command "source C:/Xilinx/Vivado_HLS/2015.4/common/technology/xilinx/scripts/xilinxcoregen.gen "
@I [HLS-100] Command 'ap_source' returned 0; elapsed 0.009Total elapsed time: 0.653 sec.
@I [HLS-100] Command "source C:/Xilinx/Vivado_HLS/2015.4/common/technology/xilinx/interface/XilEDKCoreGen.gen "
@I [HLS-100] Command 'ap_source' returned 0; elapsed 0.008Total elapsed time: 0.660 sec.
@I [HLS-100] Command "source C:/Xilinx/Vivado_HLS/2015.4/common/technology/xilinx/ip/dds_compiler.gen "
@I [HLS-100] Command 'ap_source' returned 0; elapsed 0.003Total elapsed time: 0.665 sec.
@I [HLS-100] Command "source C:/Xilinx/Vivado_HLS/2015.4/common/technology/xilinx/ip/util.gen "
@I [HLS-100] Command 'ap_source' returned 0; elapsed 0Total elapsed time: 0.665 sec.
@I [HLS-100] Command "source C:/Xilinx/Vivado_HLS/2015.4/common/technology/xilinx/ip/xfft.gen "
@I [HLS-100] Command 'ap_source' returned 0; elapsed 0.094Total elapsed time: 0.758 sec.
@I [HLS-100] Command "source C:/Xilinx/Vivado_HLS/2015.4/common/technology/xilinx/ip/xfir.gen "
@I [HLS-100] Command "source C:/Xilinx/Vivado_HLS/2015.4/tps/tcl/tcllib1.11.1/struct/list.tcl "
@I [HLS-100] Command "source C:/Xilinx/Vivado_HLS/2015.4/tps/tcl/tcllib1.11.1/cmdline/cmdline.tcl "
@I [HLS-100] Command 'ap_source' returned 0; elapsed 0Total elapsed time: 0.774 sec.
@I [HLS-100] Command 'ap_source' returned 0; elapsed 0.004Total elapsed time: 0.776 sec.
@I [HLS-100] Command "source C:/Xilinx/Vivado_HLS/2015.4/tps/tcl/tcllib1.11.1/math/bignum.tcl "
@I [HLS-100] Command 'ap_source' returned 0; elapsed 0.001Total elapsed time: 0.783 sec.
@I [HLS-100] Command 'ap_source' returned 0; elapsed 0.03Total elapsed time: 0.789 sec.
@I [HLS-100] Command 'ap_source' returned 0; elapsed 0.159Total elapsed time: 0.789 sec.
@I [HLS-100] Command "source C:/Xilinx/Vivado_HLS/2015.4/common/technology/xilinx/common/dsp48.gen "
@I [HLS-100] Command 'ap_source' returned 0; elapsed 0Total elapsed time: 0.790 sec.
@I [HLS-100] Command 'ap_source' returned 0; elapsed 0.162Total elapsed time: 0.792 sec.
@I [HLS-100] Command 'ap_source' returned 0; elapsed 0.162Total elapsed time: 0.792 sec.
@I [HLS-100] Command "open_platform DefaultPlatform "
@I [HLS-100] Command 'open_platform' returned 0; elapsed 0Total elapsed time: 0.792 sec.
@I [HLS-100] Command "import_lib C:/Xilinx/Vivado_HLS/2015.4/common/technology/xilinx/zynq/zynq_fpv6 "
@I [HLS-100] Command "source C:/Xilinx/Vivado_HLS/2015.4/common/technology/xilinx/common/xilinx_fpv7.lib "
@I [HLS-100] Command "source C:/Xilinx/Vivado_HLS/2015.4/common/technology/xilinx/common/xilinx_hp.lib "
@I [HLS-100] Command 'ap_source' returned 0; elapsed 0.001Total elapsed time: 0.793 sec.
@I [HLS-100] Command 'ap_source' returned 0; elapsed 0.003Total elapsed time: 0.794 sec.
@I [HLS-100] Command "source C:/Xilinx/Vivado_HLS/2015.4/common/technology/xilinx/common/xilinx_fpv.hlp "
@I [HLS-100] Command "source C:/Xilinx/Vivado_HLS/2015.4/common/technology/xilinx/common/xilinx.hlp "
@I [HLS-100] Command "source C:/Xilinx/Vivado_HLS/2015.4/common/technology/xilinx/common/target_info.tcl "
@I [HLS-100] Command 'ap_source' returned 0; elapsed 0.001Total elapsed time: 0.803 sec.
@I [HLS-100] Command "source C:/Xilinx/Vivado_HLS/2015.4/common/technology/xilinx/interface/xilinx_interface.hlp "
@I [HLS-100] Command "source C:/Xilinx/Vivado_HLS/2015.4/common/technology/xilinx/interface/maxi.hlp "
@I [HLS-100] Command 'ap_source' returned 0; elapsed 0Total elapsed time: 0.803 sec.
@I [HLS-100] Command "source C:/Xilinx/Vivado_HLS/2015.4/common/technology/xilinx/interface/saxilite.hlp "
@I [HLS-100] Command 'ap_source' returned 0; elapsed 0.001Total elapsed time: 0.804 sec.
@I [HLS-100] Command 'ap_source' returned 0; elapsed 0.001Total elapsed time: 0.804 sec.
@I [HLS-100] Command "source C:/Xilinx/Vivado_HLS/2015.4/common/technology/xilinx/common/dsp48.hlp "
@I [HLS-100] Command 'ap_source' returned 0; elapsed 0.001Total elapsed time: 0.805 sec.
@I [HLS-100] Command 'ap_source' returned 0; elapsed 0.004Total elapsed time: 0.805 sec.
@I [HLS-100] Command 'ap_source' returned 0; elapsed 0.004Total elapsed time: 0.805 sec.
@I [HLS-100] Command "source C:/Xilinx/Vivado_HLS/2015.4/common/technology/xilinx/zynq/zynq_hp.hlp "
@I [HLS-100] Command 'ap_source' returned 0; elapsed 0.002Total elapsed time: 0.806 sec.
@I [HLS-100] Command 'import_lib' returned 0; elapsed 0.018Total elapsed time: 0.810 sec.
@I [HLS-100] Command "source C:/Xilinx/Vivado_HLS/2015.4/common/technology/xilinx/zynq/zynq_fpv6.gen "
@I [HLS-100] Command "source C:/Xilinx/Vivado_HLS/2015.4/common/technology/xilinx/common/xilinx_fpv6.gen "
@I [HLS-100] Command 'ap_source' returned 0; elapsed 0.003Total elapsed time: 0.812 sec.
@I [HLS-100] Command 'ap_source' returned 0; elapsed 0.003Total elapsed time: 0.812 sec.
@I [HLS-100] Command "set_part xc7z020clg484-1 "
@I [HLS-100] Command "add_library xilinx/zynq/zynq:xc7z020:clg484:-1 "
@I [HLS-100] Command "get_default_platform "
@I [HLS-100] Command 'get_default_platform' returned 0; elapsed 0Total elapsed time: 0.815 sec.
@I [HLS-100] Command "license_isbetapart xc7z020 "
@I [HLS-100] Command 'license_isbetapart' returned 1; elapsed 0.016Total elapsed time: 0.831 sec.
@I [HLS-100] Command "get_default_platform "
@I [HLS-100] Command 'get_default_platform' returned 0; elapsed 0Total elapsed time: 0.832 sec.
@I [HLS-100] Command "config_chip_info -quiet -resource  {SLICE 13300}  {LUT 53200}     {FF 106400} {DSP48E 220}   {BRAM 280}  "
@I [HLS-100] Command 'config_chip_info' returned 0; elapsed 0Total elapsed time: 0.832 sec.
@I [HLS-100] Command "config_chip_info -quiet -speed slow "
@I [HLS-100] Command 'config_chip_info' returned 0; elapsed 0Total elapsed time: 0.832 sec.
@I [HLS-100] Command 'add_library' returned 0; elapsed 0.039Total elapsed time: 0.854 sec.
@I [HLS-100] Command "add_library xilinx/zynq/zynq_fpv6 "
@I [HLS-100] Command "get_default_platform "
@I [HLS-100] Command 'get_default_platform' returned 0; elapsed 0Total elapsed time: 0.877 sec.
@I [HLS-100] Command 'add_library' returned 0; elapsed 0.024Total elapsed time: 0.878 sec.
@I [HLS-10] Setting target device to 'xc7z020clg484-1'
@I [HLS-100] Command 'set_part' returned 0; elapsed 0.066Total elapsed time: 0.878 sec.
@I [HLS-100] Command "get_default_platform "
@I [HLS-100] Command 'get_default_platform' returned 0; elapsed 0Total elapsed time: 0.878 sec.
@I [HLS-100] Command "config_chip_info -quiet -resource  {SLICE 13300}  {LUT 53200}     {FF 106400} {DSP48E 220}   {BRAM 280}  "
@I [HLS-100] Command 'config_chip_info' returned 0; elapsed 0Total elapsed time: 0.878 sec.
@I [HLS-100] Command "config_chip_info -quiet -speed slow "
@I [HLS-100] Command 'config_chip_info' returned 0; elapsed 0Total elapsed time: 0.878 sec.
@I [HLS-100] Command 'open_solution' returned 0; elapsed 0.328Total elapsed time: 0.881 sec.
@I [HLS-100] Command "export_design -format ip_catalog "
@I [HLS-100] Command "source C:/HOC_TAP/System_C/Final_report/A_Design_problem/3.4_bit_multiplexor_4to1/multiplexor_4bit_4to1/solution1/.autopilot/db/global.setting.tcl "
@I [HLS-100] Command 'ap_source' returned 0; elapsed 0.002Total elapsed time: 0.890 sec.
@I [HLS-100] Command "source C:/Xilinx/Vivado_HLS/2015.4/common/technology/generic/autopilot/common.gen "
@I [HLS-100] Command "source C:/Xilinx/Vivado_HLS/2015.4/common/technology/generic/autopilot/APCoreGen.gen "
@I [HLS-100] Command 'ap_source' returned 0; elapsed 0Total elapsed time: 0.898 sec.
@I [HLS-100] Command 'ap_source' returned 0; elapsed 0.001Total elapsed time: 0.900 sec.
@I [HLS-100] Command "source C:/Xilinx/Vivado_HLS/2015.4/common/technology/generic/autopilot/op.gen "
@I [HLS-100] Command 'ap_source' returned 0; elapsed 0Total elapsed time: 0.900 sec.
@I [HLS-100] Command "source C:/Xilinx/Vivado_HLS/2015.4/common/technology/generic/autopilot/op_simcore.gen "
@I [HLS-100] Command 'ap_source' returned 0; elapsed 0.002Total elapsed time: 0.901 sec.
@I [HLS-100] Command "source C:/Xilinx/Vivado_HLS/2015.4/common/technology/generic/autopilot/interface.gen "
@I [HLS-100] Command 'ap_source' returned 0; elapsed 0.001Total elapsed time: 0.903 sec.
@I [HLS-100] Command "source C:/HOC_TAP/System_C/Final_report/A_Design_problem/3.4_bit_multiplexor_4to1/multiplexor_4bit_4to1/solution1/.autopilot/db/global.setting.tcl "
@I [HLS-100] Command 'ap_source' returned 0; elapsed 0.001Total elapsed time: 0.904 sec.
@I [HLS-100] Command "source C:/Xilinx/Vivado_HLS/2015.4/common/technology/xilinx/zynq/zynq.gen "
@I [HLS-100] Command "source C:/Xilinx/Vivado_HLS/2015.4/common/technology/xilinx/common/virtex.gen "
@I [HLS-100] Command "source C:/Xilinx/Vivado_HLS/2015.4/common/technology/xilinx/common/xilinx.gen "
@I [HLS-100] Command "source C:/Xilinx/Vivado_HLS/2015.4/common/technology/xilinx/interface/plb46.gen "
@I [HLS-100] Command 'ap_source' returned 0; elapsed 0.001Total elapsed time: 0.908 sec.
@I [HLS-100] Command "source C:/Xilinx/Vivado_HLS/2015.4/common/technology/xilinx/interface/fsl.gen "
@I [HLS-100] Command 'ap_source' returned 0; elapsed 0.001Total elapsed time: 0.909 sec.
@I [HLS-100] Command "source C:/Xilinx/Vivado_HLS/2015.4/common/technology/xilinx/interface/axi4.gen "
@I [HLS-100] Command 'ap_source' returned 0; elapsed 0.002Total elapsed time: 0.912 sec.
@I [HLS-100] Command "source C:/Xilinx/Vivado_HLS/2015.4/common/technology/xilinx/interface/nativeAXI4.gen "
@I [HLS-100] Command "source C:/Xilinx/Vivado_HLS/2015.4/common/technology/xilinx/interface/saxilite.gen "
@I [HLS-100] Command 'ap_source' returned 0; elapsed 0.005Total elapsed time: 0.916 sec.
@I [HLS-100] Command "source C:/Xilinx/Vivado_HLS/2015.4/common/technology/xilinx/interface/maxi.gen "
@I [HLS-100] Command 'ap_source' returned 0; elapsed 0.007Total elapsed time: 0.924 sec.
@I [HLS-100] Command 'ap_source' returned 0; elapsed 0.012Total elapsed time: 0.924 sec.
@I [HLS-100] Command "source C:/Xilinx/Vivado_HLS/2015.4/common/technology/xilinx/scripts/xilinxcoregen.gen "
@I [HLS-100] Command 'ap_source' returned 0; elapsed 0.008Total elapsed time: 0.931 sec.
@I [HLS-100] Command "source C:/Xilinx/Vivado_HLS/2015.4/common/technology/xilinx/interface/XilEDKCoreGen.gen "
@I [HLS-100] Command 'ap_source' returned 0; elapsed 0.01Total elapsed time: 0.942 sec.
@I [HLS-100] Command "source C:/Xilinx/Vivado_HLS/2015.4/common/technology/xilinx/ip/dds_compiler.gen "
@I [HLS-100] Command 'ap_source' returned 0; elapsed 0.003Total elapsed time: 0.946 sec.
@I [HLS-100] Command "source C:/Xilinx/Vivado_HLS/2015.4/common/technology/xilinx/ip/util.gen "
@I [HLS-100] Command 'ap_source' returned 0; elapsed 0Total elapsed time: 0.946 sec.
@I [HLS-100] Command "source C:/Xilinx/Vivado_HLS/2015.4/common/technology/xilinx/ip/xfft.gen "
@I [HLS-100] Command 'ap_source' returned 0; elapsed 0.085Total elapsed time: 1.30 sec.
@I [HLS-100] Command "source C:/Xilinx/Vivado_HLS/2015.4/common/technology/xilinx/ip/xfir.gen "
@I [HLS-100] Command 'ap_source' returned 0; elapsed 0.027Total elapsed time: 1.57 sec.
@I [HLS-100] Command 'ap_source' returned 0; elapsed 0.153Total elapsed time: 1.57 sec.
@I [HLS-100] Command "source C:/Xilinx/Vivado_HLS/2015.4/common/technology/xilinx/common/dsp48.gen "
@I [HLS-100] Command 'ap_source' returned 0; elapsed 0Total elapsed time: 1.57 sec.
@I [HLS-100] Command 'ap_source' returned 0; elapsed 0.153Total elapsed time: 1.57 sec.
@I [HLS-100] Command 'ap_source' returned 0; elapsed 0.154Total elapsed time: 1.57 sec.
@I [HLS-100] Command "source C:/Xilinx/Vivado_HLS/2015.4/common/technology/xilinx/zynq/zynq_fpv6.gen "
@I [HLS-100] Command "source C:/Xilinx/Vivado_HLS/2015.4/common/technology/xilinx/common/xilinx_fpv6.gen "
@I [HLS-100] Command 'ap_source' returned 0; elapsed 0.002Total elapsed time: 1.61 sec.
@I [HLS-100] Command 'ap_source' returned 0; elapsed 0.002Total elapsed time: 1.61 sec.
@I [HLS-100] Command "source C:/HOC_TAP/System_C/Final_report/A_Design_problem/3.4_bit_multiplexor_4to1/multiplexor_4bit_4to1/solution1/.autopilot/db/global.setting.tcl "
@I [HLS-100] Command 'ap_source' returned 0; elapsed 0.001Total elapsed time: 1.63 sec.
@I [IMPL-8] Exporting RTL as an IP in IP-XACT.
@I [HLS-100] Command "source C:/HOC_TAP/System_C/Final_report/A_Design_problem/3.4_bit_multiplexor_4to1/multiplexor_4bit_4to1/solution1/.autopilot/db/global.setting.tcl "
@I [HLS-100] Command 'ap_source' returned 0; elapsed 0Total elapsed time: 1.65 sec.
@I [HLS-100] Command "source C:/HOC_TAP/System_C/Final_report/A_Design_problem/3.4_bit_multiplexor_4to1/multiplexor_4bit_4to1/solution1/.autopilot/db/global.setting.tcl "
@I [HLS-100] Command 'ap_source' returned 0; elapsed 0.001Total elapsed time: 1.73 sec.
@I [HLS-100] Command "source C:/Xilinx/Vivado_HLS/2015.4/common/technology/generic/autopilot/common.gen "
@I [HLS-100] Command "source C:/Xilinx/Vivado_HLS/2015.4/common/technology/generic/autopilot/APCoreGen.gen "
@I [HLS-100] Command 'ap_source' returned 0; elapsed 0Total elapsed time: 1.74 sec.
@I [HLS-100] Command 'ap_source' returned 0; elapsed 0.001Total elapsed time: 1.75 sec.
@I [HLS-100] Command "source C:/Xilinx/Vivado_HLS/2015.4/common/technology/generic/autopilot/op.gen "
@I [HLS-100] Command 'ap_source' returned 0; elapsed 0Total elapsed time: 1.75 sec.
@I [HLS-100] Command "source C:/Xilinx/Vivado_HLS/2015.4/common/technology/generic/autopilot/op_simcore.gen "
@I [HLS-100] Command 'ap_source' returned 0; elapsed 0.002Total elapsed time: 1.77 sec.
@I [HLS-100] Command "source C:/Xilinx/Vivado_HLS/2015.4/common/technology/generic/autopilot/interface.gen "
@I [HLS-100] Command 'ap_source' returned 0; elapsed 0Total elapsed time: 1.77 sec.
@I [HLS-100] Command "source C:/HOC_TAP/System_C/Final_report/A_Design_problem/3.4_bit_multiplexor_4to1/multiplexor_4bit_4to1/solution1/.autopilot/db/global.setting.tcl "
@I [HLS-100] Command 'ap_source' returned 0; elapsed 0.001Total elapsed time: 1.78 sec.
@I [HLS-100] Command "source C:/Xilinx/Vivado_HLS/2015.4/common/technology/xilinx/zynq/zynq.gen "
@I [HLS-100] Command "source C:/Xilinx/Vivado_HLS/2015.4/common/technology/xilinx/common/virtex.gen "
@I [HLS-100] Command "source C:/Xilinx/Vivado_HLS/2015.4/common/technology/xilinx/common/xilinx.gen "
@I [HLS-100] Command "source C:/Xilinx/Vivado_HLS/2015.4/common/technology/xilinx/interface/plb46.gen "
@I [HLS-100] Command 'ap_source' returned 0; elapsed 0Total elapsed time: 1.79 sec.
@I [HLS-100] Command "source C:/Xilinx/Vivado_HLS/2015.4/common/technology/xilinx/interface/fsl.gen "
@I [HLS-100] Command 'ap_source' returned 0; elapsed 0.001Total elapsed time: 1.80 sec.
@I [HLS-100] Command "source C:/Xilinx/Vivado_HLS/2015.4/common/technology/xilinx/interface/axi4.gen "
@I [HLS-100] Command 'ap_source' returned 0; elapsed 0.002Total elapsed time: 1.82 sec.
@I [HLS-100] Command "source C:/Xilinx/Vivado_HLS/2015.4/common/technology/xilinx/interface/nativeAXI4.gen "
@I [HLS-100] Command "source C:/Xilinx/Vivado_HLS/2015.4/common/technology/xilinx/interface/saxilite.gen "
@I [HLS-100] Command 'ap_source' returned 0; elapsed 0.003Total elapsed time: 1.85 sec.
@I [HLS-100] Command "source C:/Xilinx/Vivado_HLS/2015.4/common/technology/xilinx/interface/maxi.gen "
@I [HLS-100] Command 'ap_source' returned 0; elapsed 0.007Total elapsed time: 1.92 sec.
@I [HLS-100] Command 'ap_source' returned 0; elapsed 0.01Total elapsed time: 1.92 sec.
@I [HLS-100] Command "source C:/Xilinx/Vivado_HLS/2015.4/common/technology/xilinx/scripts/xilinxcoregen.gen "
@I [HLS-100] Command 'ap_source' returned 0; elapsed 0.009Total elapsed time: 1.100 sec.
@I [HLS-100] Command "source C:/Xilinx/Vivado_HLS/2015.4/common/technology/xilinx/interface/XilEDKCoreGen.gen "
@I [HLS-100] Command 'ap_source' returned 0; elapsed 0.007Total elapsed time: 1.108 sec.
@I [HLS-100] Command "source C:/Xilinx/Vivado_HLS/2015.4/common/technology/xilinx/ip/dds_compiler.gen "
@I [HLS-100] Command 'ap_source' returned 0; elapsed 0.004Total elapsed time: 1.112 sec.
@I [HLS-100] Command "source C:/Xilinx/Vivado_HLS/2015.4/common/technology/xilinx/ip/util.gen "
@I [HLS-100] Command 'ap_source' returned 0; elapsed 0Total elapsed time: 1.113 sec.
@I [HLS-100] Command "source C:/Xilinx/Vivado_HLS/2015.4/common/technology/xilinx/ip/xfft.gen "
@I [HLS-100] Command 'ap_source' returned 0; elapsed 0.084Total elapsed time: 1.198 sec.
@I [HLS-100] Command "source C:/Xilinx/Vivado_HLS/2015.4/common/technology/xilinx/ip/xfir.gen "
@I [HLS-100] Command 'ap_source' returned 0; elapsed 0.029Total elapsed time: 1.226 sec.
@I [HLS-100] Command 'ap_source' returned 0; elapsed 0.148Total elapsed time: 1.226 sec.
@I [HLS-100] Command "source C:/Xilinx/Vivado_HLS/2015.4/common/technology/xilinx/common/dsp48.gen "
@I [HLS-100] Command 'ap_source' returned 0; elapsed 0Total elapsed time: 1.228 sec.
@I [HLS-100] Command 'ap_source' returned 0; elapsed 0.151Total elapsed time: 1.228 sec.
@I [HLS-100] Command 'ap_source' returned 0; elapsed 0.151Total elapsed time: 1.228 sec.
@I [HLS-100] Command "source C:/Xilinx/Vivado_HLS/2015.4/common/technology/xilinx/zynq/zynq_fpv6.gen "
@I [HLS-100] Command "source C:/Xilinx/Vivado_HLS/2015.4/common/technology/xilinx/common/xilinx_fpv6.gen "
@I [HLS-100] Command 'ap_source' returned 0; elapsed 0.001Total elapsed time: 1.231 sec.
@I [HLS-100] Command 'ap_source' returned 0; elapsed 0.002Total elapsed time: 1.231 sec.
@I [HLS-100] Command "source C:/HOC_TAP/System_C/Final_report/A_Design_problem/3.4_bit_multiplexor_4to1/multiplexor_4bit_4to1/solution1/.autopilot/db/global.setting.tcl "
@I [HLS-100] Command 'ap_source' returned 0; elapsed 0.001Total elapsed time: 1.233 sec.
@I [HLS-100] Command "source C:/HOC_TAP/System_C/Final_report/A_Design_problem/3.4_bit_multiplexor_4to1/multiplexor_4bit_4to1/solution1/.autopilot/db/global.setting.tcl "
@I [HLS-100] Command 'ap_source' returned 0; elapsed 0.001Total elapsed time: 1.235 sec.
@I [HLS-100] Command "source C:/HOC_TAP/System_C/Final_report/A_Design_problem/3.4_bit_multiplexor_4to1/multiplexor_4bit_4to1/solution1/.autopilot/db/mux4bit_4to1_do_mux.compgen.tcl "
@I [HLS-100] Command 'ap_source' returned 0; elapsed 0.002Total elapsed time: 1.238 sec.
@I [HLS-100] Command "source C:/HOC_TAP/System_C/Final_report/A_Design_problem/3.4_bit_multiplexor_4to1/multiplexor_4bit_4to1/solution1/.autopilot/db/mux4bit_4to1.compgen.tcl "
@I [HLS-100] Command 'ap_source' returned 0; elapsed 0.001Total elapsed time: 1.239 sec.
@I [HLS-100] Command "source C:/HOC_TAP/System_C/Final_report/A_Design_problem/3.4_bit_multiplexor_4to1/multiplexor_4bit_4to1/solution1/.autopilot/db/global.setting.tcl "
@I [HLS-100] Command 'ap_source' returned 0; elapsed 0.002Total elapsed time: 1.256 sec.
@I [HLS-100] Command "source C:/HOC_TAP/System_C/Final_report/A_Design_problem/3.4_bit_multiplexor_4to1/multiplexor_4bit_4to1/solution1/.autopilot/db/global.setting.tcl "
@I [HLS-100] Command 'ap_source' returned 0; elapsed 0Total elapsed time: 1.256 sec.
@I [HLS-100] Command "source C:/HOC_TAP/System_C/Final_report/A_Design_problem/3.4_bit_multiplexor_4to1/multiplexor_4bit_4to1/solution1/.autopilot/db/mux4bit_4to1_do_mux.compgen.tcl "
@I [HLS-100] Command 'ap_source' returned 0; elapsed 0.001Total elapsed time: 1.258 sec.
@I [HLS-100] Command "source C:/HOC_TAP/System_C/Final_report/A_Design_problem/3.4_bit_multiplexor_4to1/multiplexor_4bit_4to1/solution1/.autopilot/db/mux4bit_4to1.compgen.tcl "
@I [HLS-100] Command "source C:/HOC_TAP/System_C/Final_report/A_Design_problem/3.4_bit_multiplexor_4to1/multiplexor_4bit_4to1/solution1/.autopilot/db/mux4bit_4to1.rtl_wrap.cfg.tcl "
@I [HLS-100] Command 'ap_source' returned 0; elapsed 0.001Total elapsed time: 1.261 sec.
@I [HLS-100] Command "source C:/HOC_TAP/System_C/Final_report/A_Design_problem/3.4_bit_multiplexor_4to1/multiplexor_4bit_4to1/solution1/.autopilot/db/mux4bit_4to1.rtl_wrap.cfg.tcl "
@I [HLS-100] Command 'ap_source' returned 0; elapsed 0.001Total elapsed time: 1.262 sec.
@I [HLS-100] Command "source C:/HOC_TAP/System_C/Final_report/A_Design_problem/3.4_bit_multiplexor_4to1/multiplexor_4bit_4to1/solution1/.autopilot/db/mux4bit_4to1.rtl_wrap.cfg.tcl "
@I [HLS-100] Command 'ap_source' returned 0; elapsed 0.002Total elapsed time: 1.263 sec.
@I [HLS-100] Command "source C:/HOC_TAP/System_C/Final_report/A_Design_problem/3.4_bit_multiplexor_4to1/multiplexor_4bit_4to1/solution1/.autopilot/db/mux4bit_4to1.tbgen.tcl "
@I [HLS-100] Command 'ap_source' returned 0; elapsed 0.001Total elapsed time: 1.265 sec.
@I [HLS-100] Command 'ap_source' returned 0; elapsed 0.013Total elapsed time: 1.271 sec.
@I [HLS-100] Command "source C:/HOC_TAP/System_C/Final_report/A_Design_problem/3.4_bit_multiplexor_4to1/multiplexor_4bit_4to1/solution1/.autopilot/db/global.setting.tcl "
@I [HLS-100] Command 'ap_source' returned 0; elapsed 0.001Total elapsed time: 1.315 sec.
@I [HLS-100] Command "source C:/HOC_TAP/System_C/Final_report/A_Design_problem/3.4_bit_multiplexor_4to1/multiplexor_4bit_4to1/solution1/.autopilot/db/global.setting.tcl "
@I [HLS-100] Command 'ap_source' returned 0; elapsed 0.001Total elapsed time: 1.317 sec.
@I [HLS-100] Command "source C:/HOC_TAP/System_C/Final_report/A_Design_problem/3.4_bit_multiplexor_4to1/multiplexor_4bit_4to1/solution1/.autopilot/db/mux4bit_4to1_do_mux.compgen.tcl "
@I [HLS-100] Command 'ap_source' returned 0; elapsed 0Total elapsed time: 1.318 sec.
@I [HLS-100] Command "source C:/HOC_TAP/System_C/Final_report/A_Design_problem/3.4_bit_multiplexor_4to1/multiplexor_4bit_4to1/solution1/.autopilot/db/mux4bit_4to1.compgen.tcl "
@I [HLS-100] Command 'ap_source' returned 0; elapsed 0.001Total elapsed time: 1.319 sec.
@I [HLS-100] Command "source C:/HOC_TAP/System_C/Final_report/A_Design_problem/3.4_bit_multiplexor_4to1/multiplexor_4bit_4to1/solution1/.autopilot/db/global.setting.tcl "
@I [HLS-100] Command 'ap_source' returned 0; elapsed 0.002Total elapsed time: 1.487 sec.
@I [HLS-100] Command "source C:/HOC_TAP/System_C/Final_report/A_Design_problem/3.4_bit_multiplexor_4to1/multiplexor_4bit_4to1/solution1/.autopilot/db/mux4bit_4to1.constraint.tcl "
@I [HLS-100] Command 'ap_source' returned 0; elapsed 0.001Total elapsed time: 1.490 sec.
@I [HLS-100] Command "source C:/HOC_TAP/System_C/Final_report/A_Design_problem/3.4_bit_multiplexor_4to1/multiplexor_4bit_4to1/solution1/.autopilot/db/mux4bit_4to1.rtl_wrap.cfg.tcl "
@I [HLS-100] Command 'ap_source' returned 0; elapsed 0.001Total elapsed time: 1.541 sec.
@I [HLS-100] Command "source C:/HOC_TAP/System_C/Final_report/A_Design_problem/3.4_bit_multiplexor_4to1/multiplexor_4bit_4to1/solution1/.autopilot/db/mux4bit_4to1.rtl_wrap.cfg.tcl "
@I [HLS-100] Command 'ap_source' returned 0; elapsed 0.002Total elapsed time: 1.542 sec.
@I [HLS-100] Command "source C:/HOC_TAP/System_C/Final_report/A_Design_problem/3.4_bit_multiplexor_4to1/multiplexor_4bit_4to1/solution1/.autopilot/db/mux4bit_4to1.rtl_wrap.cfg.tcl "
@I [HLS-100] Command 'ap_source' returned 0; elapsed 0.001Total elapsed time: 1.544 sec.
@I [HLS-100] Command "source C:/HOC_TAP/System_C/Final_report/A_Design_problem/3.4_bit_multiplexor_4to1/multiplexor_4bit_4to1/solution1/.autopilot/db/mux4bit_4to1.tbgen.tcl "
@I [HLS-100] Command 'ap_source' returned 0; elapsed 0.002Total elapsed time: 1.546 sec.
@I [HLS-100] Command "source C:/HOC_TAP/System_C/Final_report/A_Design_problem/3.4_bit_multiplexor_4to1/multiplexor_4bit_4to1/solution1/.autopilot/db/global.setting.tcl "
@I [HLS-100] Command 'ap_source' returned 0; elapsed 0.001Total elapsed time: 1.553 sec.
@I [HLS-100] Command "source C:/HOC_TAP/System_C/Final_report/A_Design_problem/3.4_bit_multiplexor_4to1/multiplexor_4bit_4to1/solution1/.autopilot/db/global.setting.tcl "
@I [HLS-100] Command 'ap_source' returned 0; elapsed 0.002Total elapsed time: 1.569 sec.
@I [HLS-100] Command "source C:/HOC_TAP/System_C/Final_report/A_Design_problem/3.4_bit_multiplexor_4to1/multiplexor_4bit_4to1/solution1/.autopilot/db/global.setting.tcl "
@I [HLS-100] Command 'ap_source' returned 0; elapsed 0.001Total elapsed time: 1.577 sec.
@I [HLS-100] Command "source C:/HOC_TAP/System_C/Final_report/A_Design_problem/3.4_bit_multiplexor_4to1/multiplexor_4bit_4to1/solution1/.autopilot/db/mux4bit_4to1.rtl_wrap.cfg.tcl "
@I [HLS-100] Command 'ap_source' returned 0; elapsed 0.002Total elapsed time: 1.582 sec.
@I [HLS-100] Command "source C:/HOC_TAP/System_C/Final_report/A_Design_problem/3.4_bit_multiplexor_4to1/multiplexor_4bit_4to1/solution1/.autopilot/db/mux4bit_4to1.rtl_wrap.cfg.tcl "
@I [HLS-100] Command 'ap_source' returned 0; elapsed 0.001Total elapsed time: 1.583 sec.
@I [HLS-100] Command "source C:/HOC_TAP/System_C/Final_report/A_Design_problem/3.4_bit_multiplexor_4to1/multiplexor_4bit_4to1/solution1/.autopilot/db/mux4bit_4to1.tbgen.tcl "
@I [HLS-100] Command 'ap_source' returned 0; elapsed 0.002Total elapsed time: 1.585 sec.
@I [HLS-100] Command "source C:/HOC_TAP/System_C/Final_report/A_Design_problem/3.4_bit_multiplexor_4to1/multiplexor_4bit_4to1/solution1/.autopilot/db/mux4bit_4to1.rtl_wrap.cfg.tcl "
@I [HLS-100] Command 'ap_source' returned 0; elapsed 0.002Total elapsed time: 1.590 sec.
@I [HLS-100] Command "source C:/HOC_TAP/System_C/Final_report/A_Design_problem/3.4_bit_multiplexor_4to1/multiplexor_4bit_4to1/solution1/.autopilot/db/mux4bit_4to1.rtl_wrap.cfg.tcl "
@I [HLS-100] Command 'ap_source' returned 0; elapsed 0.002Total elapsed time: 1.593 sec.
@I [HLS-100] Command "source C:/HOC_TAP/System_C/Final_report/A_Design_problem/3.4_bit_multiplexor_4to1/multiplexor_4bit_4to1/solution1/.autopilot/db/mux4bit_4to1.tbgen.tcl "
@I [HLS-100] Command 'ap_source' returned 0; elapsed 0.001Total elapsed time: 1.594 sec.
@I [HLS-100] Command "source C:/HOC_TAP/System_C/Final_report/A_Design_problem/3.4_bit_multiplexor_4to1/multiplexor_4bit_4to1/solution1/.autopilot/db/mux4bit_4to1.rtl_wrap.cfg.tcl "
@I [HLS-100] Command 'ap_source' returned 0; elapsed 0.001Total elapsed time: 1.596 sec.
@I [HLS-100] Command "source C:/HOC_TAP/System_C/Final_report/A_Design_problem/3.4_bit_multiplexor_4to1/multiplexor_4bit_4to1/solution1/.autopilot/db/mux4bit_4to1.rtl_wrap.cfg.tcl "
@I [HLS-100] Command 'ap_source' returned 0; elapsed 0.002Total elapsed time: 1.598 sec.
@I [HLS-100] Command "source C:/HOC_TAP/System_C/Final_report/A_Design_problem/3.4_bit_multiplexor_4to1/multiplexor_4bit_4to1/solution1/.autopilot/db/mux4bit_4to1.tbgen.tcl "
@I [HLS-100] Command 'ap_source' returned 0; elapsed 0.004Total elapsed time: 1.602 sec.
@I [HLS-100] Command "source C:/HOC_TAP/System_C/Final_report/A_Design_problem/3.4_bit_multiplexor_4to1/multiplexor_4bit_4to1/solution1/.autopilot/db/mux4bit_4to1.constraint.tcl "
@I [HLS-100] Command 'ap_source' returned 0; elapsed 0.003Total elapsed time: 1.609 sec.
@I [HLS-100] Command "source C:/HOC_TAP/System_C/Final_report/A_Design_problem/3.4_bit_multiplexor_4to1/multiplexor_4bit_4to1/solution1/.autopilot/db/global.setting.tcl "
@I [HLS-100] Command 'ap_source' returned 0; elapsed 0.001Total elapsed time: 1.666 sec.
@I [HLS-100] Command "source C:/HOC_TAP/System_C/Final_report/A_Design_problem/3.4_bit_multiplexor_4to1/multiplexor_4bit_4to1/solution1/.autopilot/db/global.setting.tcl "
@I [HLS-100] Command 'ap_source' returned 0; elapsed 0.001Total elapsed time: 1.702 sec.
@I [HLS-100] Command "source C:/HOC_TAP/System_C/Final_report/A_Design_problem/3.4_bit_multiplexor_4to1/multiplexor_4bit_4to1/solution1/.autopilot/db/mux4bit_4to1.constraint.tcl "
@I [HLS-100] Command 'ap_source' returned 0; elapsed 0.001Total elapsed time: 1.704 sec.
@I [HLS-100] Command "source C:/HOC_TAP/System_C/Final_report/A_Design_problem/3.4_bit_multiplexor_4to1/multiplexor_4bit_4to1/solution1/.autopilot/db/mux4bit_4to1.constraint.tcl "
@I [HLS-100] Command 'ap_source' returned 0; elapsed 0Total elapsed time: 1.706 sec.
@I [HLS-100] Command "source C:/Xilinx/Vivado_HLS/2015.4/common/technology/generic/autopilot/common.gen "
@I [HLS-100] Command "source C:/Xilinx/Vivado_HLS/2015.4/common/technology/generic/autopilot/APCoreGen.gen "
@I [HLS-100] Command 'ap_source' returned 0; elapsed 0.001Total elapsed time: 1.726 sec.
@I [HLS-100] Command 'ap_source' returned 0; elapsed 0.001Total elapsed time: 1.726 sec.
@I [HLS-100] Command "source C:/Xilinx/Vivado_HLS/2015.4/common/technology/generic/autopilot/op.gen "
@I [HLS-100] Command 'ap_source' returned 0; elapsed 0Total elapsed time: 1.727 sec.
@I [HLS-100] Command "source C:/Xilinx/Vivado_HLS/2015.4/common/technology/generic/autopilot/op_simcore.gen "
@I [HLS-100] Command 'ap_source' returned 0; elapsed 0.001Total elapsed time: 1.728 sec.
@I [HLS-100] Command "source C:/Xilinx/Vivado_HLS/2015.4/common/technology/generic/autopilot/interface.gen "
@I [HLS-100] Command 'ap_source' returned 0; elapsed 0.001Total elapsed time: 1.729 sec.
@I [HLS-100] Command "source C:/HOC_TAP/System_C/Final_report/A_Design_problem/3.4_bit_multiplexor_4to1/multiplexor_4bit_4to1/solution1/.autopilot/db/global.setting.tcl "
@I [HLS-100] Command 'ap_source' returned 0; elapsed 0.001Total elapsed time: 1.729 sec.
@I [HLS-100] Command "source C:/Xilinx/Vivado_HLS/2015.4/common/technology/xilinx/zynq/zynq.gen "
@I [HLS-100] Command "source C:/Xilinx/Vivado_HLS/2015.4/common/technology/xilinx/common/virtex.gen "
@I [HLS-100] Command "source C:/Xilinx/Vivado_HLS/2015.4/common/technology/xilinx/common/xilinx.gen "
@I [HLS-100] Command "source C:/Xilinx/Vivado_HLS/2015.4/common/technology/xilinx/interface/plb46.gen "
@I [HLS-100] Command 'ap_source' returned 0; elapsed 0.001Total elapsed time: 1.731 sec.
@I [HLS-100] Command "source C:/Xilinx/Vivado_HLS/2015.4/common/technology/xilinx/interface/fsl.gen "
@I [HLS-100] Command 'ap_source' returned 0; elapsed 0Total elapsed time: 1.731 sec.
@I [HLS-100] Command "source C:/Xilinx/Vivado_HLS/2015.4/common/technology/xilinx/interface/axi4.gen "
@I [HLS-100] Command 'ap_source' returned 0; elapsed 0.003Total elapsed time: 1.734 sec.
@I [HLS-100] Command "source C:/Xilinx/Vivado_HLS/2015.4/common/technology/xilinx/interface/nativeAXI4.gen "
@I [HLS-100] Command "source C:/Xilinx/Vivado_HLS/2015.4/common/technology/xilinx/interface/saxilite.gen "
@I [HLS-100] Command 'ap_source' returned 0; elapsed 0.004Total elapsed time: 1.738 sec.
@I [HLS-100] Command "source