

================================================================
== Vivado HLS Report for 'FullSubtractor'
================================================================
* Date:           Wed May 14 21:16:48 2025

* Version:        2015.4 (Build 1412921 on Wed Nov 18 09:58:55 AM 2015)
* Project:        full_subtractor
* Solution:       solution1
* Product family: zynq
* Target device:  xc7z020clg484-1


================================================================
== Performance Estimates
================================================================
+ Timing (ns): 
    * Summary: 
    +--------+-------+----------+------------+
    |  Clock | Target| Estimated| Uncertainty|
    +--------+-------+----------+------------+
    |ap_clk  |  10.00|      5.48|        1.25|
    +--------+-------+----------+------------+

+ Latency (clock cycles): 
    * Summary: 
    +-----+-----+-----+-----+---------+
    |  Latency  |  Interval | Pipeline|
    | min | max | min | max |   Type  |
    +-----+-----+-----+-----+---------+
    |    0|    0|    1|    1|   none  |
    +-----+-----+-----+-----+---------+

    + Detail: 
        * Instance: 
        N/A

        * Loop: 
        N/A



================================================================
== Utilization Estimates
================================================================
* Summary: 
+-----------------+---------+-------+--------+-------+
|       Name      | BRAM_18K| DSP48E|   FF   |  LUT  |
+-----------------+---------+-------+--------+-------+
|DSP              |        -|      -|       -|      -|
|Expression       |        -|      -|       -|      -|
|FIFO             |        -|      -|       -|      -|
|Instance         |        -|      -|       -|      -|
|Memory           |        -|      -|       -|      -|
|Multiplexer      |        -|      -|       -|      -|
|Register         |        -|      -|       -|      -|
+-----------------+---------+-------+--------+-------+
|Total            |        0|      0|       0|      0|
+-----------------+---------+-------+--------+-------+
|Available        |      280|    220|  106400|  53200|
+-----------------+---------+-------+--------+-------+
|Utilization (%)  |        0|      0|       0|      0|
+-----------------+---------+-------+--------+-------+

+ Detail: 
    * Instance: 
    N/A

    * DSP48: 
    N/A

    * Memory: 
    N/A

    * FIFO: 
    N/A

    * Expression: 
    N/A

    * Multiplexer: 
    N/A

    * Register: 
    N/A



================================================================
== Interface
================================================================
* Summary: 
N/A

============================================================
+ Verbose Summary: Synthesis Manager
============================================================
InlineROM: 1
ExposeGlobal: 0
============================================================
+ Verbose Summary: CDFG Model
============================================================
IsTopModel: 1
ResetActiveHigh: 1
IsCombinational: 0
IsDatapathOnly: 0
HasWiredReturn: 1
HasMFsm: 0
HasVarLatency: 0
IsPipeline: 0
IsRtlPipelined: 0
IsInstanceOverlapped: 0
IsDontTouch: 0
HasImplIP: 0
IsGatedGlobalClock: 0


============================================================
+ Verbose Summary: Schedule
============================================================
* Number of FSM states: 1
* Pipeline: 0
* Dataflow Pipeline: 0

* FSM state transitions: 
1 --> 
* FSM state operations: 

 <State 1>: 5.48ns
ST_1: stg_2 [1/1] 0.00ns
:0  call void (...)* @_ssdm_op_SpecBitsMap(i1* %A), !map !37

ST_1: stg_3 [1/1] 0.00ns
:1  call void (...)* @_ssdm_op_SpecBitsMap(i1* %B), !map !41

ST_1: stg_4 [1/1] 0.00ns
:2  call void (...)* @_ssdm_op_SpecBitsMap(i1* %Bin), !map !45

ST_1: stg_5 [1/1] 0.00ns
:3  call void (...)* @_ssdm_op_SpecBitsMap(i1* %D), !map !49

ST_1: stg_6 [1/1] 0.00ns
:4  call void (...)* @_ssdm_op_SpecBitsMap(i1* %Bout), !map !53

ST_1: stg_7 [1/1] 0.00ns
:5  call void (...)* @_ssdm_op_SpecTopModule([15 x i8]* @p_str2, [15 x i8]* @p_str2) nounwind

ST_1: FullSubtractor_ssdm_thread_s [1/1] 0.00ns
:6  %FullSubtractor_ssdm_thread_s = load i1* @FullSubtractor_ssdm_thread_M_process_sub, align 1

ST_1: stg_9 [1/1] 0.00ns
:7  br i1 %FullSubtractor_ssdm_thread_s, label %1, label %._crit_edge

ST_1: stg_10 [1/1] 5.48ns
:0  call void @"FullSubtractor::FullSubtractor_FullSubtractor::process_sub"(i1* %A, i1* %B, i1* %Bin, i1* %D, i1* %Bout)

ST_1: stg_11 [1/1] 0.00ns
:1  br label %._crit_edge

ST_1: stg_12 [1/1] 0.00ns
._crit_edge:0  call void (...)* @_ssdm_op_SpecProcessDecl([15 x i8]* @p_str2, i32 0, [12 x i8]* @p_str3) nounwind

ST_1: stg_13 [1/1] 0.00ns
._crit_edge:1  call void (...)* @_ssdm_op_SpecSensitive([12 x i8]* @p_str3, [2 x i8]* @p_str4, i1* %A, i32 0) nounwind

ST_1: stg_14 [1/1] 0.00ns
._crit_edge:2  call void (...)* @_ssdm_op_SpecSensitive([12 x i8]* @p_str3, [2 x i8]* @p_str5, i1* %B, i32 0) nounwind

ST_1: stg_15 [1/1] 0.00ns
._crit_edge:3  call void (...)* @_ssdm_op_SpecSensitive([12 x i8]* @p_str3, [4 x i8]* @p_str6, i1* %Bin, i32 0) nounwind

ST_1: stg_16 [1/1] 0.00ns
._crit_edge:4  call void (...)* @_ssdm_op_SpecPort([15 x i8]* @p_str2, i32 0, [7 x i8]* @p_str7, [2 x i8]* @p_str4, i32 0, i32 0, i1* %A) nounwind

ST_1: stg_17 [1/1] 0.00ns
._crit_edge:5  call void (...)* @_ssdm_op_SpecPort([15 x i8]* @p_str2, i32 0, [7 x i8]* @p_str7, [2 x i8]* @p_str5, i32 0, i32 0, i1* %B) nounwind

ST_1: stg_18 [1/1] 0.00ns
._crit_edge:6  call void (...)* @_ssdm_op_SpecPort([15 x i8]* @p_str2, i32 0, [7 x i8]* @p_str7, [4 x i8]* @p_str6, i32 0, i32 0, i1* %Bin) nounwind

ST_1: stg_19 [1/1] 0.00ns
._crit_edge:7  call void (...)* @_ssdm_op_SpecPort([15 x i8]* @p_str2, i32 1, [7 x i8]* @p_str7, [2 x i8]* @p_str8, i32 0, i32 0, i1* %D) nounwind

ST_1: stg_20 [1/1] 0.00ns
._crit_edge:8  call void (...)* @_ssdm_op_SpecPort([15 x i8]* @p_str2, i32 1, [7 x i8]* @p_str7, [5 x i8]* @p_str9, i32 0, i32 0, i1* %Bout) nounwind

ST_1: stg_21 [1/1] 0.00ns
._crit_edge:9  ret void



============================================================
+ Verbose Summary: Binding
============================================================
N/A
* FSMD analyzer results:
  - Output states:
  - Chain level:
	State 1


============================================================
+ Verbose Summary: Datapath Resource usage 
============================================================
N/A
