

================================================================
== Vivado HLS Report for 'FullSubtractor'
================================================================
* Date:           Wed May 14 21:16:48 2025

* Version:        2015.4 (Build 1412921 on Wed Nov 18 09:58:55 AM 2015)
* Project:        full_subtractor
* Solution:       solution1
* Product family: zynq
* Target device:  xc7z020clg484-1


================================================================
== Performance Estimates
================================================================
+ Timing (ns): 
    * Summary: 
    +--------+-------+----------+------------+
    |  Clock | Target| Estimated| Uncertainty|
    +--------+-------+----------+------------+
    |ap_clk  |  10.00|      5.48|        1.25|
    +--------+-------+----------+------------+

+ Latency (clock cycles): 
    * Summary: 
    +-----+-----+-----+-----+---------+
    |  Latency  |  Interval | Pipeline|
    | min | max | min | max |   Type  |
    +-----+-----+-----+-----+---------+
    |    0|    0|    1|    1|   none  |
    +-----+-----+-----+-----+---------+

    + Detail: 
        * Instance: 
        +-----------------------------------------+----------------------------+-----+-----+-----+-----+---------+
        |                                         |                            |  Latency  |  Interval | Pipeline|
        |                 Instance                |           Module           | min | max | min | max |   Type  |
        +-----------------------------------------+----------------------------+-----+-----+-----+-----+---------+
        |stg_10_FullSubtractor_process_sub_fu_44  |FullSubtractor_process_sub  |    0|    0|    0|    0|   none  |
        +-----------------------------------------+----------------------------+-----+-----+-----+-----+---------+

        * Loop: 
        N/A



================================================================
== Utilization Estimates
================================================================
* Summary: 
+-----------------+---------+-------+--------+-------+
|       Name      | BRAM_18K| DSP48E|   FF   |  LUT  |
+-----------------+---------+-------+--------+-------+
|DSP              |        -|      -|       -|      -|
|Expression       |        -|      -|       -|      -|
|FIFO             |        -|      -|       -|      -|
|Instance         |        -|      -|       0|      8|
|Memory           |        -|      -|       -|      -|
|Multiplexer      |        -|      -|       -|      -|
|Register         |        -|      -|       -|      -|
+-----------------+---------+-------+--------+-------+
|Total            |        0|      0|       0|      8|
+-----------------+---------+-------+--------+-------+
|Available        |      280|    220|  106400|  53200|
+-----------------+---------+-------+--------+-------+
|Utilization (%)  |        0|      0|       0|   ~0  |
+-----------------+---------+-------+--------+-------+

+ Detail: 
    * Instance: 
    +-----------------------------------------+----------------------------+---------+-------+---+----+
    |                 Instance                |           Module           | BRAM_18K| DSP48E| FF| LUT|
    +-----------------------------------------+----------------------------+---------+-------+---+----+
    |stg_10_FullSubtractor_process_sub_fu_44  |FullSubtractor_process_sub  |        0|      0|  0|   8|
    +-----------------------------------------+----------------------------+---------+-------+---+----+
    |Total                                    |                            |        0|      0|  0|   8|
    +-----------------------------------------+----------------------------+---------+-------+---+----+

    * DSP48: 
    N/A

    * Memory: 
    N/A

    * FIFO: 
    N/A

    * Expression: 
    N/A

    * Multiplexer: 
    N/A

    * Register: 
    N/A



================================================================
== Interface
================================================================
* Summary: 
+----------+-----+-----+---------+--------------+---------+
| RTL Ports| Dir | Bits| Protocol| Source Object|  C Type |
+----------+-----+-----+---------+--------------+---------+
|A         |  in |    1| ap_none |       A      | pointer |
|B         |  in |    1| ap_none |       B      | pointer |
|Bin       |  in |    1| ap_none |      Bin     | pointer |
|D         | out |    1|  ap_vld |       D      | pointer |
|Bout      | out |    1|  ap_vld |     Bout     | pointer |
+----------+-----+-----+---------+--------------+---------+

============================================================
+ Verbose Summary: Synthesis Manager
============================================================
InlineROM: 1
ExposeGlobal: 0
============================================================
+ Verbose Summary: CDFG Model
============================================================
IsTopModel: 1
ResetActiveHigh: 1
IsCombinational: 1
IsDatapathOnly: 0
HasWiredReturn: 1
HasMFsm: 0
HasVarLatency: 0
IsPipeline: 0
IsRtlPipelined: 0
IsInstanceOverlapped: 0
IsDontTouch: 0
HasImplIP: 0
IsGatedGlobalClock: 0


============================================================
+ Verbose Summary: Schedule
============================================================
* Number of FSM states: 1
* Pipeline: 0
* Dataflow Pipeline: 0

* FSM state transitions: 
1 --> 
* FSM state operations: 

 <State 1>: 5.48ns
ST_1: stg_2 [1/1] 0.00ns
:0  call void (...)* @_ssdm_op_SpecBitsMap(i1* %A), !map !37

ST_1: stg_3 [1/1] 0.00ns
:1  call void (...)* @_ssdm_op_SpecBitsMap(i1* %B), !map !41

ST_1: stg_4 [1/1] 0.00ns
:2  call void (...)* @_ssdm_op_SpecBitsMap(i1* %Bin), !map !45

ST_1: stg_5 [1/1] 0.00ns
:3  call void (...)* @_ssdm_op_SpecBitsMap(i1* %D), !map !49

ST_1: stg_6 [1/1] 0.00ns
:4  call void (...)* @_ssdm_op_SpecBitsMap(i1* %Bout), !map !53

ST_1: stg_7 [1/1] 0.00ns
:5  call void (...)* @_ssdm_op_SpecTopModule([15 x i8]* @p_str2, [15 x i8]* @p_str2) nounwind

ST_1: FullSubtractor_ssdm_thread_s [1/1] 0.00ns
:6  %FullSubtractor_ssdm_thread_s = load i1* @FullSubtractor_ssdm_thread_M_process_sub, align 1

ST_1: stg_9 [1/1] 0.00ns
:7  br i1 %FullSubtractor_ssdm_thread_s, label %1, label %._crit_edge

ST_1: stg_10 [1/1] 5.48ns
:0  call void @"FullSubtractor::FullSubtractor_FullSubtractor::process_sub"(i1* %A, i1* %B, i1* %Bin, i1* %D, i1* %Bout)

ST_1: stg_11 [1/1] 0.00ns
:1  br label %._crit_edge

ST_1: stg_12 [1/1] 0.00ns
._crit_edge:0  call void (...)* @_ssdm_op_SpecProcessDecl([15 x i8]* @p_str2, i32 0, [12 x i8]* @p_str3) nounwind

ST_1: stg_13 [1/1] 0.00ns
._crit_edge:1  call void (...)* @_ssdm_op_SpecSensitive([12 x i8]* @p_str3, [2 x i8]* @p_str4, i1* %A, i32 0) nounwind

ST_1: stg_14 [1/1] 0.00ns
._crit_edge:2  call void (...)* @_ssdm_op_SpecSensitive([12 x i8]* @p_str3, [2 x i8]* @p_str5, i1* %B, i32 0) nounwind

ST_1: stg_15 [1/1] 0.00ns
._crit_edge:3  call void (...)* @_ssdm_op_SpecSensitive([12 x i8]* @p_str3, [4 x i8]* @p_str6, i1* %Bin, i32 0) nounwind

ST_1: stg_16 [1/1] 0.00ns
._crit_edge:4  call void (...)* @_ssdm_op_SpecPort([15 x i8]* @p_str2, i32 0, [7 x i8]* @p_str7, [2 x i8]* @p_str4, i32 0, i32 0, i1* %A) nounwind

ST_1: stg_17 [1/1] 0.00ns
._crit_edge:5  call void (...)* @_ssdm_op_SpecPort([15 x i8]* @p_str2, i32 0, [7 x i8]* @p_str7, [2 x i8]* @p_str5, i32 0, i32 0, i1* %B) nounwind

ST_1: stg_18 [1/1] 0.00ns
._crit_edge:6  call void (...)* @_ssdm_op_SpecPort([15 x i8]* @p_str2, i32 0, [7 x i8]* @p_str7, [4 x i8]* @p_str6, i32 0, i32 0, i1* %Bin) nounwind

ST_1: stg_19 [1/1] 0.00ns
._crit_edge:7  call void (...)* @_ssdm_op_SpecPort([15 x i8]* @p_str2, i32 1, [7 x i8]* @p_str7, [2 x i8]* @p_str8, i32 0, i32 0, i1* %D) nounwind

ST_1: stg_20 [1/1] 0.00ns
._crit_edge:8  call void (...)* @_ssdm_op_SpecPort([15 x i8]* @p_str2, i32 1, [7 x i8]* @p_str7, [5 x i8]* @p_str9, i32 0, i32 0, i1* %Bout) nounwind

ST_1: stg_21 [1/1] 0.00ns
._crit_edge:9  ret void



============================================================
+ Verbose Summary: Binding
============================================================
STG Binding: 
---------------- STG Properties BEGIN ----------------
- Is combinational: 1
- Is one-state seq: 0
- Is datapath-only: 0
- Is clock enabled: 0
- Is pipelined: 0
- Is top level: 1
Port [ Return ] is wired: 1; IO mode=ap_ctrl_hs:ce=0
Port [ A]:  wired=1; compound=0; hidden=0; nouse=0; global=0; static=0; extern=0; dir=0; type=0; mode=0x2b27c557220; pingpong=0; private_global=0; IO mode=ap_none:ce=0
Port [ B]:  wired=1; compound=0; hidden=0; nouse=0; global=0; static=0; extern=0; dir=0; type=0; mode=0x2b27c0d0910; pingpong=0; private_global=0; IO mode=ap_none:ce=0
Port [ Bin]:  wired=1; compound=0; hidden=0; nouse=0; global=0; static=0; extern=0; dir=0; type=0; mode=0x2b27c1c0c90; pingpong=0; private_global=0; IO mode=ap_none:ce=0
Port [ D]:  wired=1; compound=0; hidden=0; nouse=0; global=0; static=0; extern=0; dir=1; type=0; mode=0x2b27c1c0d20; pingpong=0; private_global=0; IO mode=ap_vld:ce=0
Port [ Bout]:  wired=1; compound=0; hidden=0; nouse=0; global=0; static=0; extern=0; dir=1; type=0; mode=0x2b27c1c1860; pingpong=0; private_global=0; IO mode=ap_vld:ce=0
Port [ FullSubtractor_ssdm_thread_M_process_sub]:  wired=0; compound=0; hidden=1; nouse=0; global=1; static=0; extern=1; dir=0; type=0; mode=0x2b27c1c0db0; pingpong=0; private_global=1; linkage=0; visibility=0; IO mode=ap_none:ce=0
---------------- STG Properties END ------------------

---------------- Datapath Model BEGIN ----------------

<LifeTime>
<method=bitvector/>
stg_2                        (specbitsmap    ) [ 00]
stg_3                        (specbitsmap    ) [ 00]
stg_4                        (specbitsmap    ) [ 00]
stg_5                        (specbitsmap    ) [ 00]
stg_6                        (specbitsmap    ) [ 00]
stg_7                        (spectopmodule  ) [ 00]
FullSubtractor_ssdm_thread_s (load           ) [ 01]
stg_9                        (br             ) [ 00]
stg_10                       (call           ) [ 00]
stg_11                       (br             ) [ 00]
stg_12                       (specprocessdecl) [ 00]
stg_13                       (specsensitive  ) [ 00]
stg_14                       (specsensitive  ) [ 00]
stg_15                       (specsensitive  ) [ 00]
stg_16                       (specport       ) [ 00]
stg_17                       (specport       ) [ 00]
stg_18                       (specport       ) [ 00]
stg_19                       (specport       ) [ 00]
stg_20                       (specport       ) [ 00]
stg_21                       (ret            ) [ 00]
</LifeTime>

<model>

<comp_list>
<comp id="0" class="1000" name="A">
<pin_list>
<pin id="1" dir="1" index="0" bw="1" slack="0"/>
</pin_list>
<bind>
<StgValue><ssdm name="A"/></StgValue>
</bind>
</comp>

<comp id="2" class="1000" name="B">
<pin_list>
<pin id="3" dir="1" index="0" bw="1" slack="0"/>
</pin_list>
<bind>
<StgValue><ssdm name="B"/></StgValue>
</bind>
</comp>

<comp id="4" class="1000" name="Bin">
<pin_list>
<pin id="5" dir="1" index="0" bw="1" slack="0"/>
</pin_list>
<bind>
<StgValue><ssdm name="Bin"/></StgValue>
</bind>
</comp>

<comp id="6" class="1000" name="D">
<pin_list>
<pin id="7" dir="1" index="0" bw="1" slack="0"/>
</pin_list>
<bind>
<StgValue><ssdm name="D"/></StgValue>
</bind>
</comp>

<comp id="8" class="1000" name="Bout">
<pin_list>
<pin id="9" dir="1" index="0" bw="1" slack="0"/>
</pin_list>
<bind>
<StgValue><ssdm name="Bout"/></StgValue>
</bind>
</comp>

<comp id="10" class="1000" name="FullSubtractor_ssdm_thread_M_process_sub">
<pin_list>
<pin id="11" dir="1" index="0" bw="1" slack="0"/>
</pin_list>
<bind>
<StgValue><ssdm name="FullSubtractor_ssdm_thread_M_process_sub"/></StgValue>
</bind>
</comp>

<comp id="12" class="1001" name="const_12">
<pin_list>
<pin id="13" dir="1" index="0" bw="1" slack="2147483647"/>
</pin_list>
<bind>
<StgValue><ssdm name="_ssdm_op_SpecBitsMap"/></StgValue>
</bind>
</comp>

<comp id="14" class="1001" name="const_14">
<pin_list>
<pin id="15" dir="1" index="0" bw="1" slack="2147483647"/>
</pin_list>
<bind>
<StgValue><ssdm name="_ssdm_op_SpecTopModule"/></StgValue>
</bind>
</comp>

<comp id="16" class="1001" name="const_16">
<pin_list>
<pin id="17" dir="1" index="0" bw="1" slack="2147483647"/>
</pin_list>
<bind>
<StgValue><ssdm name="p_str2"/></StgValue>
</bind>
</comp>

<comp id="18" class="1001" name="const_18">
<pin_list>
<pin id="19" dir="1" index="0" bw="1" slack="0"/>
</pin_list>
<bind>
<StgValue><ssdm name="FullSubtractor::FullSubtractor_FullSubtractor::process_sub"/></StgValue>
</bind>
</comp>

<comp id="20" class="1001" name="const_20">
<pin_list>
<pin id="21" dir="1" index="0" bw="1" slack="2147483647"/>
</pin_list>
<bind>
<StgValue><ssdm name="_ssdm_op_SpecProcessDecl"/></StgValue>
</bind>
</comp>

<comp id="22" class="1001" name="const_22">
<pin_list>
<pin id="23" dir="1" index="0" bw="1" slack="2147483647"/>
</pin_list>
<bind>
<StgValue><ssdm name=""/></StgValue>
</bind>
</comp>

<comp id="24" class="1001" name="const_24">
<pin_list>
<pin id="25" dir="1" index="0" bw="1" slack="2147483647"/>
</pin_list>
<bind>
<StgValue><ssdm name="p_str3"/></StgValue>
</bind>
</comp>

<comp id="26" class="1001" name="const_26">
<pin_list>
<pin id="27" dir="1" index="0" bw="1" slack="2147483647"/>
</pin_list>
<bind>
<StgValue><ssdm name="_ssdm_op_SpecSensitive"/></StgValue>
</bind>
</comp>

<comp id="28" class="1001" name="const_28">
<pin_list>
<pin id="29" dir="1" index="0" bw="1" slack="2147483647"/>
</pin_list>
<bind>
<StgValue><ssdm name="p_str4"/></StgValue>
</bind>
</comp>

<comp id="30" class="1001" name="const_30">
<pin_list>
<pin id="31" dir="1" index="0" bw="1" slack="2147483647"/>
</pin_list>
<bind>
<StgValue><ssdm name="p_str5"/></StgValue>
</bind>
</comp>

<comp id="32" class="1001" name="const_32">
<pin_list>
<pin id="33" dir="1" index="0" bw="1" slack="2147483647"/>
</pin_list>
<bind>
<StgValue><ssdm name="p_str6"/></StgValue>
</bind>
</comp>

<comp id="34" class="1001" name="const_34">
<pin_list>
<pin id="35" dir="1" index="0" bw="1" slack="2147483647"/>
</pin_list>
<bind>
<StgValue><ssdm name="_ssdm_op_SpecPort"/></StgValue>
</bind>
</comp>

<comp id="36" class="1001" name="const_36">
<pin_list>
<pin id="37" dir="1" index="0" bw="1" slack="2147483647"/>
</pin_list>
<bind>
<StgValue><ssdm name="p_str7"/></StgValue>
</bind>
</comp>

<comp id="38" class="1001" name="const_38">
<pin_list>
<pin id="39" dir="1" index="0" bw="1" slack="2147483647"/>
</pin_list>
<bind>
<StgValue><ssdm name=""/></StgValue>
</bind>
</comp>

<comp id="40" class="1001" name="const_40">
<pin_list>
<pin id="41" dir="1" index="0" bw="1" slack="2147483647"/>
</pin_list>
<bind>
<StgValue><ssdm name="p_str8"/></StgValue>
</bind>
</comp>

<comp id="42" class="1001" name="const_42">
<pin_list>
<pin id="43" dir="1" index="0" bw="1" slack="2147483647"/>
</pin_list>
<bind>
<StgValue><ssdm name="p_str9"/></StgValue>
</bind>
</comp>

<comp id="44" class="1004" name="stg_10_FullSubtractor_process_sub_fu_44">
<pin_list>
<pin id="45" dir="0" index="0" bw="0" slack="0"/>
<pin id="46" dir="0" index="1" bw="1" slack="0"/>
<pin id="47" dir="0" index="2" bw="1" slack="0"/>
<pin id="48" dir="0" index="3" bw="1" slack="0"/>
<pin id="49" dir="0" index="4" bw="1" slack="0"/>
<pin id="50" dir="0" index="5" bw="1" slack="0"/>
<pin id="51" dir="1" index="6" bw="0" slack="2147483647"/>
</pin_list>
<bind>
<opcode="call(48) " fcode="call"/>
<opset="stg_10/1 "/>
</bind>
</comp>

<comp id="58" class="1004" name="FullSubtractor_ssdm_thread_s_load_fu_58">
<pin_list>
<pin id="59" dir="0" index="0" bw="1" slack="0"/>
<pin id="60" dir="1" index="1" bw="1" slack="2147483647"/>
</pin_list>
<bind>
<opcode="load(27) " fcode="load"/>
<opset="FullSubtractor_ssdm_thread_s/1 "/>
</bind>
</comp>

</comp_list>

<net_list>
<net id="52"><net_src comp="18" pin="0"/><net_sink comp="44" pin=0"/></net>

<net id="53"><net_src comp="0" pin="0"/><net_sink comp="44" pin=1"/></net>

<net id="54"><net_src comp="2" pin="0"/><net_sink comp="44" pin=2"/></net>

<net id="55"><net_src comp="4" pin="0"/><net_sink comp="44" pin=3"/></net>

<net id="56"><net_src comp="6" pin="0"/><net_sink comp="44" pin=4"/></net>

<net id="57"><net_src comp="8" pin="0"/><net_sink comp="44" pin=5"/></net>

<net id="61"><net_src comp="10" pin="0"/><net_sink comp="58" pin=0"/></net>

</net_list>

</model> 
---------------- Datapath Model END ------------------

* FSMD analyzer results:
  - Output states:
	Port: D | {1 }
	Port: Bout | {1 }
  - Chain level:
	State 1
		stg_9 : 1


============================================================
+ Verbose Summary: Datapath Resource usage 
============================================================

* Functional unit list:
|----------|-----------------------------------------|---------|---------|
| Operation|             Functional Unit             |    FF   |   LUT   |
|----------|-----------------------------------------|---------|---------|
|   call   | stg_10_FullSubtractor_process_sub_fu_44 |    0    |    7    |
|----------|-----------------------------------------|---------|---------|
|   Total  |                                         |    0    |    7    |
|----------|-----------------------------------------|---------|---------|

Memories:
N/A

* Register list:
N/A

* Multiplexer (MUX) list: 
|--------|------|------|------|--------|
|  Comp  |  Pin | Size |  BW  | S x BW |
|--------|------|------|------|--------|
|  Total |      |      |      |    0   |
|--------|------|------|------|--------|



* Summary:
+-----------+--------+--------+
|           |   FF   |   LUT  |
+-----------+--------+--------+
|  Function |    0   |    7   |
|   Memory  |    -   |    -   |
|Multiplexer|    -   |    -   |
|  Register |    -   |    -   |
+-----------+--------+--------+
|   Total   |    0   |    7   |
+-----------+--------+--------+
