make: `csim.exe' is up to date.
Note: VCD trace timescale unit is set by user to 1.000000e-009 sec.
--- 4-bit MUX Simulation ---
Test 0, sel=0 => out=0b00001 (dec 1)
Test 0, sel=1 => out=0b00010 (dec 2)
Test 0, sel=2 => out=0b00100 (dec 4)
Test 0, sel=3 => out=0b01000 (dec 8)
---------------------------
Test 1, sel=0 => out=0b01111 (dec 15)
Test 1, sel=1 => out=0b00000 (dec 0)
Test 1, sel=2 => out=0b01010 (dec 10)
Test 1, sel=3 => out=0b00101 (dec 5)
---------------------------
Test 2, sel=0 => out=0b00000 (dec 0)
Test 2, sel=1 => out=0b01111 (dec 15)
Test 2, sel=2 => out=0b01100 (dec 12)
Test 2, sel=3 => out=0b00011 (dec 3)
---------------------------
Test 3, sel=0 => out=0b01001 (dec 9)
Test 3, sel=1 => out=0b00110 (dec 6)
Test 3, sel=2 => out=0b01101 (dec 13)
Test 3, sel=3 => out=0b00010 (dec 2)
---------------------------
@I [SIM-1] CSim done with 0 errors.
